124:  2018-08-04 22:11:49,930 - default - ERROR - JSONDecodeError('Expecting value: line 1 column 1 (char 0)',)
124:  2018-08-04 22:24:21,048 - default - ERROR - BrokenPipeError(32, 'Broken pipe')
124:  2018-08-04 22:24:21,059 - default - ERROR - KeyError('BrokenPipeError',)
124:  2018-08-04 22:24:40,707 - default - ERROR - CannotSendRequest('Request-sent',)
124:  2018-08-04 22:24:40,708 - default - ERROR - KeyError('CannotSendRequest',)
124:  2018-08-04 22:25:10,121 - default - ERROR - CannotSendRequest('Request-sent',)
124:  2018-08-04 22:25:10,121 - default - ERROR - KeyError('CannotSendRequest',)
126:  2018-08-04 22:34:39,633 - default - ERROR - BrokenPipeError(32, 'Broken pipe')
126:  2018-08-04 22:34:39,636 - default - ERROR - KeyError('BrokenPipeError',)
126:  2018-08-04 22:35:01,529 - default - ERROR - CannotSendRequest('Request-sent',)
126:  2018-08-04 22:35:01,530 - default - ERROR - KeyError('CannotSendRequest',)
126:  2018-08-04 22:47:31,328 - default - ERROR - BrokenPipeError(32, 'Broken pipe')
126:  2018-08-04 22:47:31,333 - default - ERROR - CannotSendRequest('Request-sent',)
126:  2018-08-04 22:47:31,334 - default - ERROR - BrokenPipeError(32, 'Broken pipe')
126:  2018-08-04 22:47:31,633 - default - ERROR - KeyError('BrokenPipeError',)
126:  2018-08-04 22:47:31,636 - default - ERROR - KeyError('CannotSendRequest',)
126:  2018-08-04 22:47:31,638 - default - ERROR - KeyError('BrokenPipeError',)
126:  2018-08-04 22:48:54,043 - default - ERROR - CannotSendRequest('Request-sent',)
126:  2018-08-04 22:48:54,047 - default - ERROR - KeyError('CannotSendRequest',)
126:  2018-08-04 22:49:00,715 - default - ERROR - CannotSendRequest('Request-sent',)
126:  2018-08-04 22:49:00,758 - default - ERROR - KeyError('CannotSendRequest',)
126:  2018-08-04 22:53:15,554 - default - ERROR - BrokenPipeError(32, 'Broken pipe')
126:  2018-08-04 22:53:15,557 - default - ERROR - KeyError('BrokenPipeError',)
119:  2018-08-04 23:04:05,235 - default - ERROR - <NotFound '404: Not Found'>
119:  2018-08-04 23:11:56,485 - default - ERROR - <NotFound '404: Not Found'>
119:  2018-08-04 23:11:57,337 - default - ERROR - <NotFound '404: Not Found'>
119:  2018-08-04 23:12:15,552 - default - ERROR - <NotFound '404: Not Found'>
119:  2018-08-04 23:21:43,746 - default - ERROR - <NotFound '404: Not Found'>
119:  2018-08-04 23:22:19,587 - default - ERROR - <NotFound '404: Not Found'>
119:  2018-08-04 23:34:27,274 - default - ERROR - <NotFound '404: Not Found'>
114:  2018-08-04 23:37:56,718 - default - ERROR - [Errno 32] Broken pipe
141:  2018-08-04 23:37:56,719 - default - ERROR - CannotSendRequest('Request-sent',)
84:  2018-08-04 23:38:21,227 - default - ERROR - [Errno 32] Broken pipe
141:  2018-08-04 23:38:21,227 - default - ERROR - CannotSendRequest('Request-sent',)
84:  2018-08-04 23:38:38,060 - default - ERROR - Request-sent
141:  2018-08-04 23:38:38,060 - default - ERROR - CannotSendRequest('Request-sent',)
114:  2018-08-04 23:39:00,564 - default - ERROR - Request-sent
141:  2018-08-04 23:39:00,565 - default - ERROR - CannotSendRequest('Request-sent',)
84:  2018-08-04 23:39:35,100 - default - ERROR - Request-sent
141:  2018-08-04 23:39:35,100 - default - ERROR - CannotSendRequest('Request-sent',)
85:  2018-08-04 23:54:42,745 - default - ERROR - [Errno 32] Broken pipe
141:  2018-08-04 23:54:42,755 - default - ERROR - CannotSendRequest('Request-sent',)
65:  2018-08-04 23:54:42,747 - default - ERROR - Request-sent
141:  2018-08-04 23:54:42,756 - default - ERROR - CannotSendRequest('Request-sent',)
85:  2018-08-05 00:00:50,766 - default - ERROR - [Errno 32] Broken pipe
141:  2018-08-05 00:00:50,766 - default - ERROR - CannotSendRequest('Request-sent',)
134:  2018-08-05 00:01:35,902 - default - ERROR - <NotFound '404: Not Found'>
85:  2018-08-05 00:03:25,014 - default - ERROR - Request-sent
141:  2018-08-05 00:03:25,014 - default - ERROR - CannotSendRequest('Request-sent',)
85:  2018-08-05 00:03:53,734 - default - ERROR - Request-sent
141:  2018-08-05 00:03:53,734 - default - ERROR - CannotSendRequest('Request-sent',)
85:  2018-08-05 00:04:02,304 - default - ERROR - Request-sent
141:  2018-08-05 00:04:02,305 - default - ERROR - CannotSendRequest('Request-sent',)
115:  2018-08-05 00:05:31,066 - default - ERROR - Request-sent
141:  2018-08-05 00:05:31,066 - default - ERROR - CannotSendRequest('Request-sent',)
134:  2018-08-05 00:06:59,393 - default - ERROR - <NotFound '404: Not Found'>
141:  2018-08-05 00:11:32,154 - default - ERROR - 500TypeError('must be str, not BrokenPipeError',)
141:  2018-08-05 00:13:02,766 - default - ERROR - 500TypeError('must be str, not CannotSendRequest',)
141:  2018-08-05 00:13:25,950 - default - ERROR - 500TypeError('must be str, not CannotSendRequest',)
141:  2018-08-05 00:20:11,436 - default - ERROR - 500TypeError('must be str, not CannotSendRequest',)
134:  2018-08-05 00:21:56,075 - default - ERROR - <NotFound '404: Not Found'>
134:  2018-08-05 00:36:33,067 - default - ERROR - <NotFound '404: Not Found'>
86:  2018-08-05 00:36:43,457 - default - ERROR - validateaddress:[Errno 32] Broken pipe
141:  2018-08-05 00:36:43,460 - default - ERROR - 500CannotSendRequest('Request-sent',)
86:  2018-08-05 00:45:25,887 - default - ERROR - validateaddress:Request-sent
141:  2018-08-05 00:45:25,889 - default - ERROR - 500CannotSendRequest('Request-sent',)
134:  2018-08-05 01:04:31,952 - default - ERROR - <NotFound '404: Not Found'>
